c:\users\ugurbey\desktop\gameengınec++\gameengınedx11\gameengınedx11\debug\vc142.pdb
c:\users\ugurbey\desktop\gameengınec++\gameengınedx11\gameengınedx11\debug\vc142.ıdb
c:\users\ugurbey\desktop\gameengınec++\gameengınedx11\gameengınedx11\debug\wınmaın.obj
c:\users\ugurbey\desktop\gameengınec++\gameengınedx11\gameengınedx11\debug\cswndproc.obj
c:\users\ugurbey\desktop\gameengınec++\gameengınedx11\gameengınedx11\debug\wındowsmessagemap.obj
c:\users\ugurbey\desktop\gameengınec++\gameengınedx11\debug\gameengınedx11.exe
c:\users\ugurbey\desktop\gameengınec++\gameengınedx11\gameengınedx11\debug\gameengınedx11.ılk
c:\users\ugurbey\desktop\gameengınec++\gameengınedx11\debug\gameengınedx11.pdb
c:\users\ugurbey\desktop\gameenginec++\gameenginedx11\gameenginedx11\debug\cswndproc.obj
c:\users\ugurbey\desktop\gameenginec++\gameenginedx11\gameenginedx11\debug\windowsmessagemap.obj
c:\users\ugurbey\desktop\gameenginec++\gameenginedx11\gameenginedx11\debug\winmain.obj
c:\users\ugurbey\desktop\gameenginec++\gameenginedx11\gameenginedx11\debug\gameenginedx11.ilk
c:\users\ugurbey\desktop\gameenginec++\gameenginedx11\gameenginedx11\debug\vc142.idb
c:\users\ugurbey\desktop\gameenginec++\gameenginedx11\gameenginedx11\debug\vc142.pdb
c:\users\ugurbey\desktop\gameenginec++\gameenginedx11\debug\gameenginedx11.pdb
c:\users\ugurbey\desktop\gameenginec++\gameenginedx11\debug\gameenginedx11.exe
c:\users\ugurbey\desktop\gameenginec++\gameenginedx11\gameenginedx11\debug\gameenginedx11.tlog\cl.command.1.tlog
c:\users\ugurbey\desktop\gameenginec++\gameenginedx11\gameenginedx11\debug\gameenginedx11.tlog\cl.read.1.tlog
c:\users\ugurbey\desktop\gameenginec++\gameenginedx11\gameenginedx11\debug\gameenginedx11.tlog\cl.write.1.tlog
c:\users\ugurbey\desktop\gameenginec++\gameenginedx11\gameenginedx11\debug\gameenginedx11.tlog\link.command.1.tlog
c:\users\ugurbey\desktop\gameenginec++\gameenginedx11\gameenginedx11\debug\gameenginedx11.tlog\link.read.1.tlog
c:\users\ugurbey\desktop\gameenginec++\gameenginedx11\gameenginedx11\debug\gameenginedx11.tlog\link.write.1.tlog
